TN:
SF:src/bridge/BaseBridgeController.sol
FN:38,BaseBridgeController.__BaseBridgeController_initialize
FN:50,BaseBridgeController.estimateSendTokensFee
FN:61,BaseBridgeController.bridge
FN:82,BaseBridgeController.approveTransfer
FN:97,BaseBridgeController.receiveCreditInfo
FN:107,BaseBridgeController.pauseSendTokens
FN:111,BaseBridgeController.unpauseSendTokens
FN:115,BaseBridgeController.setValidator
FN:121,BaseBridgeController.setValidatorFee
FN:129,BaseBridgeController._safeTransferETH
FNDA:10,BaseBridgeController.bridge
FNDA:6,BaseBridgeController.__BaseBridgeController_initialize
FNDA:7,BaseBridgeController.estimateSendTokensFee
FNDA:12,BaseBridgeController.approveTransfer
FNDA:6,BaseBridgeController._safeTransferETH
FNDA:5,BaseBridgeController.setValidatorFee
FNDA:6,BaseBridgeController.receiveCreditInfo
FNDA:4,BaseBridgeController.unpauseSendTokens
FNDA:3,BaseBridgeController.setValidator
FNDA:6,BaseBridgeController.pauseSendTokens
FNF:10
FNH:10
DA:39,6
DA:40,4
DA:41,2
DA:42,2
DA:43,2
DA:44,2
DA:45,2
DA:51,7
DA:52,7
DA:53,7
DA:62,8
DA:64,8
DA:66,8
DA:69,6
DA:70,6
DA:72,6
DA:73,6
DA:86,12
DA:87,10
DA:88,10
DA:90,2
DA:91,2
DA:92,2
DA:101,6
DA:102,6
DA:103,6
DA:108,4
DA:112,2
DA:116,1
DA:117,1
DA:118,1
DA:122,3
DA:123,2
DA:124,2
DA:131,6
DA:132,6
LF:36
LH:36
end_of_record
TN:
SF:src/bridge/BridgeController.sol
FN:18,BridgeController.initialize
FN:22,BridgeController._collectTokens
FN:26,BridgeController._releaseTokens
FNDA:3,BridgeController.initialize
FNDA:4,BridgeController._collectTokens
FNDA:1,BridgeController._releaseTokens
FNF:3
FNH:3
DA:19,3
DA:23,4
DA:27,1
LF:3
LH:3
end_of_record
TN:
SF:src/bridge/BridgeProxy.sol
FN:28,BridgeProxy.initialize
FN:37,BridgeProxy.estimateSendTokensFee
FN:50,BridgeProxy.sendTokens
FN:68,BridgeProxy._nonblockingLzReceive
FNDA:8,BridgeProxy.sendTokens
FNDA:6,BridgeProxy.initialize
FNDA:7,BridgeProxy.estimateSendTokensFee
FNDA:6,BridgeProxy._nonblockingLzReceive
FNF:4
FNH:4
DA:29,6
DA:30,4
DA:31,2
DA:32,2
DA:44,7
DA:45,7
DA:58,8
DA:59,8
DA:60,8
DA:63,6
DA:64,6
DA:69,6
DA:71,6
DA:74,6
DA:75,6
DA:76,6
DA:78,6
DA:81,6
DA:82,6
DA:84,0
LF:20
LH:19
end_of_record
TN:
SF:src/bridge/C2BridgeController.sol
FN:14,C2BridgeController.initialize
FN:18,C2BridgeController._collectTokens
FN:22,C2BridgeController._releaseTokens
FNDA:1,C2BridgeController._releaseTokens
FNDA:3,C2BridgeController.initialize
FNDA:2,C2BridgeController._collectTokens
FNF:3
FNH:3
DA:15,3
DA:19,2
DA:23,1
LF:3
LH:3
end_of_record
TN:
SF:src/layerzero/lzApp/LzAppUpgradeable.sol
FN:36,LzAppUpgradeable.__LzAppUpgradeable_init
FN:41,LzAppUpgradeable.__LzAppUpgradeable_init_unchained
FN:45,LzAppUpgradeable.lzReceive
FN:69,LzAppUpgradeable._lzSend
FN:85,LzAppUpgradeable._checkGasLimit
FN:96,LzAppUpgradeable._getGasLimit
FN:103,LzAppUpgradeable._checkPayloadSize
FN:113,LzAppUpgradeable.getConfig
FN:122,LzAppUpgradeable.setConfig
FN:130,LzAppUpgradeable.setSendVersion
FN:134,LzAppUpgradeable.setReceiveVersion
FN:138,LzAppUpgradeable.forceResumeReceive
FN:144,LzAppUpgradeable.setTrustedRemote
FN:149,LzAppUpgradeable.setTrustedRemoteAddress
FN:154,LzAppUpgradeable.getTrustedRemoteAddress
FN:160,LzAppUpgradeable.setPrecrime
FN:165,LzAppUpgradeable.setMinDstGas
FN:172,LzAppUpgradeable.setPayloadSizeLimit
FN:177,LzAppUpgradeable.isTrustedRemote
FNDA:8,LzAppUpgradeable._lzSend
FNDA:6,LzAppUpgradeable.lzReceive
FNDA:0,LzAppUpgradeable.setReceiveVersion
FNDA:0,LzAppUpgradeable.setPrecrime
FNDA:8,LzAppUpgradeable._checkPayloadSize
FNDA:0,LzAppUpgradeable.setMinDstGas
FNDA:0,LzAppUpgradeable.getTrustedRemoteAddress
FNDA:0,LzAppUpgradeable.setConfig
FNDA:0,LzAppUpgradeable.setTrustedRemote
FNDA:0,LzAppUpgradeable.isTrustedRemote
FNDA:0,LzAppUpgradeable._checkGasLimit
FNDA:0,LzAppUpgradeable.getConfig
FNDA:0,LzAppUpgradeable.__LzAppUpgradeable_init
FNDA:0,LzAppUpgradeable.setPayloadSizeLimit
FNDA:0,LzAppUpgradeable.forceResumeReceive
FNDA:0,LzAppUpgradeable._getGasLimit
FNDA:0,LzAppUpgradeable.setSendVersion
FNDA:2,LzAppUpgradeable.__LzAppUpgradeable_init_unchained
FNDA:0,LzAppUpgradeable.setTrustedRemoteAddress
FNF:19
FNH:4
DA:37,0
DA:38,0
DA:42,2
DA:51,6
DA:53,6
DA:55,6
DA:61,6
DA:77,8
DA:78,8
DA:79,8
DA:80,8
DA:90,0
DA:91,0
DA:92,0
DA:93,0
DA:97,0
DA:99,0
DA:104,8
DA:105,8
DA:107,8
DA:109,8
DA:118,0
DA:127,0
DA:131,0
DA:135,0
DA:139,0
DA:145,0
DA:146,0
DA:150,0
DA:151,0
DA:155,0
DA:156,0
DA:157,0
DA:161,0
DA:162,0
DA:166,0
DA:167,0
DA:168,0
DA:173,0
DA:178,0
DA:179,0
LF:41
LH:13
end_of_record
TN:
SF:src/layerzero/lzApp/NonblockingLzAppUpgradeable.sol
FN:16,NonblockingLzAppUpgradeable.__NonblockingLzAppUpgradeable_init
FN:21,NonblockingLzAppUpgradeable.__NonblockingLzAppUpgradeable_init_unchained
FN:29,NonblockingLzAppUpgradeable._blockingLzReceive
FN:45,NonblockingLzAppUpgradeable._storeFailedMessage
FN:56,NonblockingLzAppUpgradeable.nonblockingLzReceive
FN:72,NonblockingLzAppUpgradeable.retryMessage
FNDA:0,NonblockingLzAppUpgradeable._storeFailedMessage
FNDA:0,NonblockingLzAppUpgradeable.__NonblockingLzAppUpgradeable_init_unchained
FNDA:6,NonblockingLzAppUpgradeable.nonblockingLzReceive
FNDA:0,NonblockingLzAppUpgradeable.retryMessage
FNDA:2,NonblockingLzAppUpgradeable.__NonblockingLzAppUpgradeable_init
FNDA:6,NonblockingLzAppUpgradeable._blockingLzReceive
FNF:6
FNH:3
DA:17,2
DA:18,2
DA:34,6
DA:40,6
DA:41,0
DA:52,0
DA:53,0
DA:63,6
DA:64,6
DA:78,0
DA:79,0
DA:80,0
DA:82,0
DA:84,0
DA:85,0
LF:15
LH:6
end_of_record
TN:
SF:src/layerzero/util/BytesLib.sol
FN:12,BytesLib.concat
FN:82,BytesLib.concatStorage
FN:212,BytesLib.slice
FN:271,BytesLib.toAddress
FN:282,BytesLib.toUint8
FN:293,BytesLib.toUint16
FN:304,BytesLib.toUint32
FN:315,BytesLib.toUint64
FN:326,BytesLib.toUint96
FN:337,BytesLib.toUint128
FN:348,BytesLib.toUint256
FN:359,BytesLib.toBytes32
FN:370,BytesLib.equal
FN:412,BytesLib.equalStorage
FNDA:0,BytesLib.toUint96
FNDA:0,BytesLib.toUint128
FNDA:0,BytesLib.slice
FNDA:0,BytesLib.toUint8
FNDA:0,BytesLib.toUint64
FNDA:0,BytesLib.equal
FNDA:0,BytesLib.toBytes32
FNDA:0,BytesLib.concatStorage
FNDA:0,BytesLib.toUint16
FNDA:0,BytesLib.equalStorage
FNDA:0,BytesLib.toAddress
FNDA:0,BytesLib.toUint32
FNDA:0,BytesLib.concat
FNDA:0,BytesLib.toUint256
FNF:14
FNH:0
DA:13,0
DA:18,0
DA:50,0
DA:55,0
DA:58,0
DA:79,0
DA:213,0
DA:214,0
DA:216,0
DA:268,0
DA:272,0
DA:273,0
DA:276,0
DA:279,0
DA:283,0
DA:284,0
DA:287,0
DA:290,0
DA:294,0
DA:295,0
DA:298,0
DA:301,0
DA:305,0
DA:306,0
DA:309,0
DA:312,0
DA:316,0
DA:317,0
DA:320,0
DA:323,0
DA:327,0
DA:328,0
DA:331,0
DA:334,0
DA:338,0
DA:339,0
DA:342,0
DA:345,0
DA:349,0
DA:350,0
DA:353,0
DA:356,0
DA:360,0
DA:361,0
DA:364,0
DA:367,0
DA:371,0
DA:409,0
DA:413,0
DA:474,0
LF:50
LH:0
end_of_record
TN:
SF:src/layerzero/util/ExcessivelySafeCall.sol
FN:23,ExcessivelySafeCall.excessivelySafeCall
FN:75,ExcessivelySafeCall.excessivelySafeStaticCall
FN:120,ExcessivelySafeCall.swapSelector
FNDA:0,ExcessivelySafeCall.excessivelySafeCall
FNDA:0,ExcessivelySafeCall.excessivelySafeStaticCall
FNDA:0,ExcessivelySafeCall.swapSelector
FNF:3
FNH:0
DA:30,0
DA:31,0
DA:32,0
DA:38,0
DA:48,0
DA:49,0
DA:50,0
DA:57,0
DA:82,0
DA:83,0
DA:84,0
DA:90,0
DA:99,0
DA:100,0
DA:101,0
DA:108,0
DA:124,0
DA:125,0
DA:131,0
DA:132,0
LF:20
LH:0
end_of_record
TN:
SF:src/libs/LzLib.sol
FN:21,LzLib.buildAdapterParams
FN:34,LzLib.buildDefaultAdapterParams
FN:41,LzLib.buildAirdropAdapterParams
FN:55,LzLib.getGasLimit
FN:63,LzLib.decodeAdapterParams
FN:86,LzLib.bytes32ToAddress
FN:90,LzLib.addressToBytes32
FNDA:0,LzLib.buildAdapterParams
FNDA:0,LzLib.buildAirdropAdapterParams
FNDA:0,LzLib.bytes32ToAddress
FNDA:0,LzLib.addressToBytes32
FNDA:21,LzLib.decodeAdapterParams
FNDA:0,LzLib.buildDefaultAdapterParams
FNDA:0,LzLib.getGasLimit
FNF:7
FNH:1
DA:26,0
DA:27,0
DA:29,0
DA:38,0
DA:46,0
DA:47,0
DA:52,0
DA:56,0
DA:58,0
DA:68,21
DA:70,21
DA:71,21
DA:73,21
DA:74,21
DA:76,21
DA:78,0
DA:79,0
DA:87,0
DA:91,0
LF:19
LH:6
end_of_record
TN:
SF:src/tokens/BaseBridgedERC20.sol
FN:13,BaseBridgedERC20.__BaseBridgedERC20_init
FN:19,BaseBridgedERC20.mint
FN:25,BaseBridgedERC20.burn
FN:29,BaseBridgedERC20.burnFrom
FN:34,BaseBridgedERC20.setBridgeController
FN:40,BaseBridgedERC20.pause
FN:44,BaseBridgedERC20.unpause
FNDA:2,BaseBridgedERC20.unpause
FNDA:4,BaseBridgedERC20.mint
FNDA:1,BaseBridgedERC20.burn
FNDA:3,BaseBridgedERC20.pause
FNDA:4,BaseBridgedERC20.burnFrom
FNDA:1,BaseBridgedERC20.__BaseBridgedERC20_init
FNDA:4,BaseBridgedERC20.setBridgeController
FNF:7
FNH:7
DA:14,1
DA:15,1
DA:16,1
DA:20,3
DA:21,2
DA:22,2
DA:26,1
DA:30,4
DA:31,3
DA:35,3
DA:36,3
DA:37,3
DA:41,2
DA:45,1
LF:14
LH:14
end_of_record
TN:
SF:src/tokens/C2LevelToken.sol
FN:13,C2LevelToken.initialize
FNDA:1,C2LevelToken.initialize
FNF:1
FNH:1
DA:14,1
LF:1
LH:1
end_of_record
